This is pdfTeX, Version 3.14159265-2.6-1.40.19 (MiKTeX 2.9.6930 64-bit) (preloaded format=pdflatex 2019.2.21)  11 APR 2019 17:44
entering extended mode
**./csci3104_S2019_PS9_template.tex
(csci3104_S2019_PS9_template.tex
LaTeX2e <2018-12-01>
("C:\Users\Maura\AppData\Local\Programs\MiKTeX 2.9\tex/latex/base\article.cls"
Document Class: article 2018/09/03 v1.4i Standard LaTeX document class
("C:\Users\Maura\AppData\Local\Programs\MiKTeX 2.9\tex/latex/base\size12.clo"
File: size12.clo 2018/09/03 v1.4i Standard LaTeX file (size option)
)
\c@part=\count80
\c@section=\count81
\c@subsection=\count82
\c@subsubsection=\count83
\c@paragraph=\count84
\c@subparagraph=\count85
\c@figure=\count86
\c@table=\count87
\abovecaptionskip=\skip41
\belowcaptionskip=\skip42
\bibindent=\dimen102
) ("C:\Users\Maura\AppData\Local\Programs\MiKTeX 2.9\tex/generic/xypic\xy.sty"
("C:\Users\Maura\AppData\Local\Programs\MiKTeX 2.9\tex/generic/xypic\xy.tex"
Bootstrap'ing: catcodes, docmode,
("C:\Users\Maura\AppData\Local\Programs\MiKTeX 2.9\tex/generic/xypic\xyrecat.te
x")
("C:\Users\Maura\AppData\Local\Programs\MiKTeX 2.9\tex/generic/xypic\xyidioms.t
ex")

 Xy-pic version 3.8.9 <2013/10/06>
 Copyright (c) 1991-2013 by Kristoffer H. Rose <krisrose@tug.org> and others
 Xy-pic is free software: see the User's Guide for details.

Loading kernel: messages; fonts; allocations: state,
\X@c=\dimen103
\Y@c=\dimen104
\U@c=\dimen105
\D@c=\dimen106
\L@c=\dimen107
\R@c=\dimen108
\Edge@c=\toks14
\X@p=\dimen109
\Y@p=\dimen110
\U@p=\dimen111
\D@p=\dimen112
\L@p=\dimen113
\R@p=\dimen114
\Edge@p=\toks15
\X@origin=\dimen115
\Y@origin=\dimen116
\X@xbase=\dimen117
\Y@xbase=\dimen118
\X@ybase=\dimen119
\Y@ybase=\dimen120
\X@min=\dimen121
\Y@min=\dimen122
\X@max=\dimen123
\Y@max=\dimen124
\lastobjectbox@=\box27
\zerodotbox@=\box28
\almostz@=\dimen125
 direction,
\d@X=\dimen126
\d@Y=\dimen127
\K@=\count88
\KK@=\count89
\Direction=\count90
\K@dXdY=\dimen128
\K@dYdX=\dimen129
\xyread@=\read1
\xywrite@=\write3
\csp@=\count91
\quotPTK@=\dimen130

utility macros; pictures: \xy, positions,
\swaptoks@@=\toks16
\connectobjectbox@@=\box29
 objects,
\styletoks@=\toks17
 decorations;
kernel objects: directionals, circles, text; options; algorithms: directions,
edges, connections;  Xy-pic loaded)
("C:\Users\Maura\AppData\Local\Programs\MiKTeX 2.9\tex/generic/oberdiek\ifpdf.s
ty"
Package: ifpdf 2018/09/07 v3.3 Provides the ifpdf switch
)
Package: xy 2013/10/06 Xy-pic version 3.8.9

("C:\Users\Maura\AppData\Local\Programs\MiKTeX 2.9\tex/generic/xypic\xyall.tex"
 Xy-pic option: All features v.3.8
("C:\Users\Maura\AppData\Local\Programs\MiKTeX 2.9\tex/generic/xypic\xycurve.te
x"  Xy-pic option: Curve and Spline extension v.3.12 curve,
\crv@cnt@=\count92
\crvpts@=\toks18
\splinebox@=\box30
\splineval@=\dimen131
\splinedepth@=\dimen132
\splinetol@=\dimen133
\splinelength@=\dimen134
 circles,
\L@=\dimen135
 loaded)
("C:\Users\Maura\AppData\Local\Programs\MiKTeX 2.9\tex/generic/xypic\xyframe.te
x"  Xy-pic option: Frame and Bracket extension v.3.14 loaded)
("C:\Users\Maura\AppData\Local\Programs\MiKTeX 2.9\tex/generic/xypic\xycmtip.te
x"  Xy-pic option: Computer Modern tip extension v.3.7
("C:\Users\Maura\AppData\Local\Programs\MiKTeX 2.9\tex/generic/xypic\xytips.tex
"  Xy-pic option: More Tips extension v.3.11 loaded) loaded)
("C:\Users\Maura\AppData\Local\Programs\MiKTeX 2.9\tex/generic/xypic\xyline.tex
"  Xy-pic option: Line styles extension v.3.10
\xylinethick@=\dimen136
 loaded)
("C:\Users\Maura\AppData\Local\Programs\MiKTeX 2.9\tex/generic/xypic\xyrotate.t
ex"  Xy-pic option: Rotate and Scale extension v.3.8 loaded)
("C:\Users\Maura\AppData\Local\Programs\MiKTeX 2.9\tex/generic/xypic\xycolor.te
x"  Xy-pic option: Colour extension v.3.11 loaded)
("C:\Users\Maura\AppData\Local\Programs\MiKTeX 2.9\tex/generic/xypic\xymatrix.t
ex"  Xy-pic option: Matrix feature v.3.14
\Row=\count93
\Col=\count94
\queue@=\toks19
\queue@@=\toks20
\qcount@=\count95
\qcount@@=\count96
\matrixsize@=\count97
 loaded)
("C:\Users\Maura\AppData\Local\Programs\MiKTeX 2.9\tex/generic/xypic\xyarrow.te
x"  Xy-pic option: Arrow and Path feature v.3.9 path, \ar, loaded)
("C:\Users\Maura\AppData\Local\Programs\MiKTeX 2.9\tex/generic/xypic\xygraph.te
x"  Xy-pic option: Graph feature v.3.11 loaded) loaded)
("C:\Users\Maura\AppData\Local\Programs\MiKTeX 2.9\tex/generic/xypic\xypdf.tex"
 Xy-pic option: PDF driver v.1.7 Xy-pic pdf driver: `color' extension support
("C:\Users\Maura\AppData\Local\Programs\MiKTeX 2.9\tex/generic/xypic\xypdf-co.t
ex" loaded) Xy-pic pdf driver: `curve' extension support
("C:\Users\Maura\AppData\Local\Programs\MiKTeX 2.9\tex/generic/xypic\xypdf-cu.t
ex" loaded) Xy-pic pdf driver: `frame' extension support
("C:\Users\Maura\AppData\Local\Programs\MiKTeX 2.9\tex/generic/xypic\xypdf-fr.t
ex" loaded) Xy-pic pdf driver: `line' extension support
("C:\Users\Maura\AppData\Local\Programs\MiKTeX 2.9\tex/generic/xypic\xypdf-li.t
ex" loaded) Xy-pic pdf driver: `rotate' extension support
("C:\Users\Maura\AppData\Local\Programs\MiKTeX 2.9\tex/generic/xypic\xypdf-ro.t
ex" loaded) loaded))
("C:\Users\Maura\AppData\Local\Programs\MiKTeX 2.9\tex/latex/amsmath\amsmath.st
y"
Package: amsmath 2018/12/01 v2.17b AMS math features
\@mathmargin=\skip43

For additional information on amsmath, use the `?' option.

("C:\Users\Maura\AppData\Local\Programs\MiKTeX 2.9\tex/latex/amsmath\amstext.st
y"
Package: amstext 2000/06/29 v2.01 AMS text

("C:\Users\Maura\AppData\Local\Programs\MiKTeX 2.9\tex/latex/amsmath\amsgen.sty
"
File: amsgen.sty 1999/11/30 v2.0 generic functions
\@emptytoks=\toks21
\ex@=\dimen137
))
("C:\Users\Maura\AppData\Local\Programs\MiKTeX 2.9\tex/latex/amsmath\amsbsy.sty
"
Package: amsbsy 1999/11/29 v1.2d Bold Symbols
\pmbraise@=\dimen138
)
("C:\Users\Maura\AppData\Local\Programs\MiKTeX 2.9\tex/latex/amsmath\amsopn.sty
"
Package: amsopn 2016/03/08 v2.02 operator names
)
\inf@bad=\count98
LaTeX Info: Redefining \frac on input line 223.
\uproot@=\count99
\leftroot@=\count100
LaTeX Info: Redefining \overline on input line 385.
\classnum@=\count101
\DOTSCASE@=\count102
LaTeX Info: Redefining \ldots on input line 482.
LaTeX Info: Redefining \dots on input line 485.
LaTeX Info: Redefining \cdots on input line 606.
\Mathstrutbox@=\box31
\strutbox@=\box32
\big@size=\dimen139
LaTeX Font Info:    Redeclaring font encoding OML on input line 729.
LaTeX Font Info:    Redeclaring font encoding OMS on input line 730.
\macc@depth=\count103
\c@MaxMatrixCols=\count104
\dotsspace@=\muskip10
\c@parentequation=\count105
\dspbrk@lvl=\count106
\tag@help=\toks22
\row@=\count107
\column@=\count108
\maxfields@=\count109
\andhelp@=\toks23
\eqnshift@=\dimen140
\alignsep@=\dimen141
\tagshift@=\dimen142
\tagwidth@=\dimen143
\totwidth@=\dimen144
\lineht@=\dimen145
\@envbody=\toks24
\multlinegap=\skip44
\multlinetaggap=\skip45
\mathdisplay@stack=\toks25
LaTeX Info: Redefining \[ on input line 2844.
LaTeX Info: Redefining \] on input line 2845.
)
("C:\Users\Maura\AppData\Local\Programs\MiKTeX 2.9\tex/latex/amsfonts\amsfonts.
sty"
Package: amsfonts 2013/01/14 v3.01 Basic AMSFonts support
\symAMSa=\mathgroup4
\symAMSb=\mathgroup5
LaTeX Font Info:    Overwriting math alphabet `\mathfrak' in version `bold'
(Font)                  U/euf/m/n --> U/euf/b/n on input line 106.
)
("C:\Users\Maura\AppData\Local\Programs\MiKTeX 2.9\tex/latex/amsfonts\amssymb.s
ty"
Package: amssymb 2013/01/14 v3.01 AMS font symbols
)
("C:\Users\Maura\AppData\Local\Programs\MiKTeX 2.9\tex/latex/graphics\graphicx.
sty"
Package: graphicx 2017/06/01 v1.1a Enhanced LaTeX Graphics (DPC,SPQR)

("C:\Users\Maura\AppData\Local\Programs\MiKTeX 2.9\tex/latex/graphics\keyval.st
y"
Package: keyval 2014/10/28 v1.15 key=value parser (DPC)
\KV@toks@=\toks26
)
("C:\Users\Maura\AppData\Local\Programs\MiKTeX 2.9\tex/latex/graphics\graphics.
sty"
Package: graphics 2017/06/25 v1.2c Standard LaTeX Graphics (DPC,SPQR)

("C:\Users\Maura\AppData\Local\Programs\MiKTeX 2.9\tex/latex/graphics\trig.sty"
Package: trig 2016/01/03 v1.10 sin cos tan (DPC)
)
("C:\Users\Maura\AppData\Local\Programs\MiKTeX 2.9\tex/latex/graphics-cfg\graph
ics.cfg"
File: graphics.cfg 2016/06/04 v1.11 sample graphics configuration
)
Package graphics Info: Driver file: pdftex.def on input line 99.

("C:\Users\Maura\AppData\Local\Programs\MiKTeX 2.9\tex/latex/graphics-def\pdfte
x.def"
File: pdftex.def 2018/01/08 v1.0l Graphics/color driver for pdftex
))
\Gin@req@height=\dimen146
\Gin@req@width=\dimen147
)
("C:\Users\Maura\AppData\Local\Programs\MiKTeX 2.9\tex/latex/fancyhdr\fancyhdr.
sty"
Package: fancyhdr 2019/01/31 v3.10 Extensive control of page headers and footer
s
\f@nch@headwidth=\skip46
\f@nch@O@elh=\skip47
\f@nch@O@erh=\skip48
\f@nch@O@olh=\skip49
\f@nch@O@orh=\skip50
\f@nch@O@elf=\skip51
\f@nch@O@erf=\skip52
\f@nch@O@olf=\skip53
\f@nch@O@orf=\skip54
)
("C:\Users\Maura\AppData\Local\Programs\MiKTeX 2.9\tex/latex/hyperref\hyperref.
sty"
Package: hyperref 2018/11/30 v6.88e Hypertext links for LaTeX

("C:\Users\Maura\AppData\Local\Programs\MiKTeX 2.9\tex/generic/oberdiek\hobsub-
hyperref.sty"
Package: hobsub-hyperref 2016/05/16 v1.14 Bundle oberdiek, subset hyperref (HO)


("C:\Users\Maura\AppData\Local\Programs\MiKTeX 2.9\tex/generic/oberdiek\hobsub-
generic.sty"
Package: hobsub-generic 2016/05/16 v1.14 Bundle oberdiek, subset generic (HO)
Package: hobsub 2016/05/16 v1.14 Construct package bundles (HO)
Package: infwarerr 2016/05/16 v1.4 Providing info/warning/error messages (HO)
Package: ltxcmds 2016/05/16 v1.23 LaTeX kernel commands for general use (HO)
Package: ifluatex 2016/05/16 v1.4 Provides the ifluatex switch (HO)
Package ifluatex Info: LuaTeX not detected.
Package: ifvtex 2016/05/16 v1.6 Detect VTeX and its facilities (HO)
Package ifvtex Info: VTeX not detected.
Package: intcalc 2016/05/16 v1.2 Expandable calculations with integers (HO)
Package hobsub Info: Skipping package `ifpdf' (already loaded).
Package: etexcmds 2016/05/16 v1.6 Avoid name clashes with e-TeX commands (HO)
Package: kvsetkeys 2016/05/16 v1.17 Key value parser (HO)
Package: kvdefinekeys 2016/05/16 v1.4 Define keys (HO)
Package: pdftexcmds 2018/09/10 v0.29 Utility functions of pdfTeX for LuaTeX (HO
)
Package pdftexcmds Info: LuaTeX not detected.
Package pdftexcmds Info: \pdf@primitive is available.
Package pdftexcmds Info: \pdf@ifprimitive is available.
Package pdftexcmds Info: \pdfdraftmode found.
Package: pdfescape 2016/05/16 v1.14 Implements pdfTeX's escape features (HO)
Package: bigintcalc 2016/05/16 v1.4 Expandable calculations on big integers (HO
)
Package: bitset 2016/05/16 v1.2 Handle bit-vector datatype (HO)
Package: uniquecounter 2016/05/16 v1.3 Provide unlimited unique counter (HO)
)
Package hobsub Info: Skipping package `hobsub' (already loaded).
Package: letltxmacro 2016/05/16 v1.5 Let assignment for LaTeX macros (HO)
Package: hopatch 2016/05/16 v1.3 Wrapper for package hooks (HO)
Package: xcolor-patch 2016/05/16 xcolor patch
Package: atveryend 2016/05/16 v1.9 Hooks at the very end of document (HO)
Package atveryend Info: \enddocument detected (standard20110627).
Package: atbegshi 2016/06/09 v1.18 At begin shipout hook (HO)
Package: refcount 2016/05/16 v3.5 Data extraction from label references (HO)
Package: hycolor 2016/05/16 v1.8 Color options for hyperref/bookmark (HO)
)
("C:\Users\Maura\AppData\Local\Programs\MiKTeX 2.9\tex/generic/ifxetex\ifxetex.
sty"
Package: ifxetex 2010/09/12 v0.6 Provides ifxetex conditional
)
("C:\Users\Maura\AppData\Local\Programs\MiKTeX 2.9\tex/latex/oberdiek\auxhook.s
ty"
Package: auxhook 2016/05/16 v1.4 Hooks for auxiliary files (HO)
)
("C:\Users\Maura\AppData\Local\Programs\MiKTeX 2.9\tex/latex/oberdiek\kvoptions
.sty"
Package: kvoptions 2016/05/16 v3.12 Key value format for package options (HO)
)
\@linkdim=\dimen148
\Hy@linkcounter=\count110
\Hy@pagecounter=\count111

("C:\Users\Maura\AppData\Local\Programs\MiKTeX 2.9\tex/latex/hyperref\pd1enc.de
f"
File: pd1enc.def 2018/11/30 v6.88e Hyperref: PDFDocEncoding definition (HO)
Now handling font encoding PD1 ...
... no UTF-8 mapping file for font encoding PD1
)
\Hy@SavedSpaceFactor=\count112

("C:\Users\Maura\AppData\Local\Programs\MiKTeX 2.9\tex/latex/00miktex\hyperref.
cfg"
File: hyperref.cfg 2002/06/06 v1.2 hyperref configuration of TeXLive
)
Package hyperref Info: Hyper figures OFF on input line 4519.
Package hyperref Info: Link nesting OFF on input line 4524.
Package hyperref Info: Hyper index ON on input line 4527.
Package hyperref Info: Plain pages OFF on input line 4534.
Package hyperref Info: Backreferencing OFF on input line 4539.
Package hyperref Info: Implicit mode ON; LaTeX internals redefined.
Package hyperref Info: Bookmarks ON on input line 4772.
\c@Hy@tempcnt=\count113
 ("C:\Users\Maura\AppData\Local\Programs\MiKTeX 2.9\tex/latex/url\url.sty"
\Urlmuskip=\muskip11
Package: url 2013/09/16  ver 3.4  Verb mode for urls, etc.
)
LaTeX Info: Redefining \url on input line 5125.
\XeTeXLinkMargin=\dimen149
\Fld@menulength=\count114
\Field@Width=\dimen150
\Fld@charsize=\dimen151
Package hyperref Info: Hyper figures OFF on input line 6380.
Package hyperref Info: Link nesting OFF on input line 6385.
Package hyperref Info: Hyper index ON on input line 6388.
Package hyperref Info: backreferencing OFF on input line 6395.
Package hyperref Info: Link coloring OFF on input line 6400.
Package hyperref Info: Link coloring with OCG OFF on input line 6405.
Package hyperref Info: PDF/A mode OFF on input line 6410.
LaTeX Info: Redefining \ref on input line 6450.
LaTeX Info: Redefining \pageref on input line 6454.
\Hy@abspage=\count115
\c@Item=\count116
\c@Hfootnote=\count117
)
Package hyperref Info: Driver (autodetected): hpdftex.

("C:\Users\Maura\AppData\Local\Programs\MiKTeX 2.9\tex/latex/hyperref\hpdftex.d
ef"
File: hpdftex.def 2018/11/30 v6.88e Hyperref driver for pdfTeX
\Fld@listcount=\count118
\c@bookmark@seq@number=\count119

("C:\Users\Maura\AppData\Local\Programs\MiKTeX 2.9\tex/latex/oberdiek\rerunfile
check.sty"
Package: rerunfilecheck 2016/05/16 v1.8 Rerun checks for auxiliary files (HO)
Package uniquecounter Info: New unique counter `rerunfilecheck' on input line 2
82.
)
\Hy@SectionHShift=\skip55
) (csci3104_S2019_PS9_template.aux)
\openout1 = `csci3104_S2019_PS9_template.aux'.

LaTeX Font Info:    Checking defaults for OML/cmm/m/it on input line 16.
LaTeX Font Info:    ... okay on input line 16.
LaTeX Font Info:    Checking defaults for T1/cmr/m/n on input line 16.
LaTeX Font Info:    ... okay on input line 16.
LaTeX Font Info:    Checking defaults for OT1/cmr/m/n on input line 16.
LaTeX Font Info:    ... okay on input line 16.
LaTeX Font Info:    Checking defaults for OMS/cmsy/m/n on input line 16.
LaTeX Font Info:    ... okay on input line 16.
LaTeX Font Info:    Checking defaults for OMX/cmex/m/n on input line 16.
LaTeX Font Info:    ... okay on input line 16.
LaTeX Font Info:    Checking defaults for U/cmr/m/n on input line 16.
LaTeX Font Info:    ... okay on input line 16.
LaTeX Font Info:    Checking defaults for PD1/pdf/m/n on input line 16.
LaTeX Font Info:    ... okay on input line 16.
LaTeX Font Info:    Try loading font information for U+msa on input line 16.

("C:\Users\Maura\AppData\Local\Programs\MiKTeX 2.9\tex/latex/amsfonts\umsa.fd"
File: umsa.fd 2013/01/14 v3.01 AMS symbols A
)
LaTeX Font Info:    Try loading font information for U+msb on input line 16.
("C:\Users\Maura\AppData\Local\Programs\MiKTeX 2.9\tex/latex/amsfonts\umsb.fd"
File: umsb.fd 2013/01/14 v3.01 AMS symbols B
)
Package xypdf Info: Line width: 0.47998pt on input line 16.

("C:\Users\Maura\AppData\Local\Programs\MiKTeX 2.9\tex/context/base\supp-pdf.mk
ii"
[Loading MPS to PDF converter (version 2006.09.02).]
\scratchcounter=\count120
\scratchdimen=\dimen152
\scratchbox=\box33
\nofMPsegments=\count121
\nofMParguments=\count122
\everyMPshowfont=\toks27
\MPscratchCnt=\count123
\MPscratchDim=\dimen153
\MPnumerator=\count124
\makeMPintoPDFobject=\count125
\everyMPtoPDFconversion=\toks28
)
("C:\Users\Maura\AppData\Local\Programs\MiKTeX 2.9\tex/latex/oberdiek\epstopdf-
base.sty"
Package: epstopdf-base 2016/05/15 v2.6 Base part for package epstopdf

("C:\Users\Maura\AppData\Local\Programs\MiKTeX 2.9\tex/latex/oberdiek\grfext.st
y"
Package: grfext 2016/05/16 v1.2 Manage graphics extensions (HO)
)
Package epstopdf-base Info: Redefining graphics rule for `.eps' on input line 4
38.
Package grfext Info: Graphics extension search list:
(grfext)             [.pdf,.png,.jpg,.mps,.jpeg,.jbig2,.jb2,.PDF,.PNG,.JPG,.JPE
G,.JBIG2,.JB2,.eps]
(grfext)             \AppendGraphicsExtensions on input line 456.
)
\AtBeginShipoutBox=\box34
Package hyperref Info: Link coloring OFF on input line 16.

("C:\Users\Maura\AppData\Local\Programs\MiKTeX 2.9\tex/latex/hyperref\nameref.s
ty"
Package: nameref 2016/05/21 v2.44 Cross-referencing by name of section

("C:\Users\Maura\AppData\Local\Programs\MiKTeX 2.9\tex/generic/oberdiek\gettitl
estring.sty"
Package: gettitlestring 2016/05/16 v1.5 Cleanup title references (HO)
)
\c@section@level=\count126
)
LaTeX Info: Redefining \ref on input line 16.
LaTeX Info: Redefining \pageref on input line 16.
LaTeX Info: Redefining \nameref on input line 16.
 (csci3104_S2019_PS9_template.out)
(csci3104_S2019_PS9_template.out)
\@outlinefile=\write4
\openout4 = `csci3104_S2019_PS9_template.out'.


Underfull \hbox (badness 10000) in paragraph at lines 36--42

 []


Underfull \hbox (badness 10000) in paragraph at lines 36--42

 []


Underfull \hbox (badness 10000) in paragraph at lines 36--42

 []

<bidirectional-example.png, id=9, 693.792pt x 390.258pt>
File: bidirectional-example.png Graphic file (type png)
<use bidirectional-example.png>
Package pdftex.def Info: bidirectional-example.png  used on input line 44.
(pdftex.def)             Requested size: 485.65108pt x 273.17873pt.

Overfull \hbox (71.12047pt too wide) in paragraph at lines 44--45
[][] 
 []


Package Fancyhdr Warning: \headheight is too small (12.0pt): 
Make it at least 60.61665pt.
We now make it that large for the rest of the document.
This may cause the page layout to be inconsistent, however.

[1{C:/Users/Maura/AppData/Local/MiKTeX/2.9/pdftex/config/pdftex.map}

]
Underfull \hbox (badness 10000) in paragraph at lines 46--53

 []

[2 <./bidirectional-example.png>]
Underfull \hbox (badness 10000) in paragraph at lines 56--59

 []

<visitedarrayexample.png, id=33, 693.792pt x 390.258pt>
File: visitedarrayexample.png Graphic file (type png)
<use visitedarrayexample.png>
Package pdftex.def Info: visitedarrayexample.png  used on input line 60.
(pdftex.def)             Requested size: 485.65108pt x 273.17873pt.

Overfull \hbox (71.12047pt too wide) in paragraph at lines 60--61
[][] 
 []

<visitedarrayexample2.png, id=34, 693.792pt x 390.258pt>
File: visitedarrayexample2.png Graphic file (type png)
<use visitedarrayexample2.png>
Package pdftex.def Info: visitedarrayexample2.png  used on input line 63.
(pdftex.def)             Requested size: 485.65108pt x 273.17873pt.

Overfull \hbox (71.12047pt too wide) in paragraph at lines 62--64
[] 
 []

[3 <./visitedarrayexample.png>] [4 <./visitedarrayexample2.png>] <xymatrix 3x3
446>
Underfull \hbox (badness 10000) in paragraph at lines 79--82

 []


Underfull \hbox (badness 10000) in paragraph at lines 79--82

 []

[5] [6] <xymatrix 7x3 274>
<bfstime.png, id=57, 693.792pt x 390.258pt>
File: bfstime.png Graphic file (type png)
<use bfstime.png>
Package pdftex.def Info: bfstime.png  used on input line 107.
(pdftex.def)             Requested size: 346.89514pt x 195.12851pt.

Underfull \hbox (badness 10000) in paragraph at lines 101--108

 []


Underfull \hbox (badness 10000) in paragraph at lines 101--108

 []


Underfull \hbox (badness 10000) in paragraph at lines 101--108

 []

[7] [8 <./bfstime.png>]
<bfstime2.png, id=69, 693.792pt x 390.258pt>
File: bfstime2.png Graphic file (type png)
<use bfstime2.png>
Package pdftex.def Info: bfstime2.png  used on input line 123.
(pdftex.def)             Requested size: 346.89514pt x 195.12851pt.

Underfull \hbox (badness 10000) in paragraph at lines 117--126

 []


Underfull \hbox (badness 10000) in paragraph at lines 117--126

 []


Overfull \hbox (5.25288pt too wide) in paragraph at lines 117--126
[] \OT1/cmr/m/n/12 Thus, the
 []

[9 <./bfstime2.png>]
Underfull \hbox (badness 10000) in paragraph at lines 140--151

 []

[10]
LaTeX Font Info:    Try loading font information for OMS+cmr on input line 162.

 ("C:\Users\Maura\AppData\Local\Programs\MiKTeX 2.9\tex/latex/base\omscmr.fd"
File: omscmr.fd 2014/09/29 v2.5h Standard LaTeX font definitions
)
LaTeX Font Info:    Font shape `OMS/cmr/m/n' in size <12> not available
(Font)              Font shape `OMS/cmsy/m/n' tried instead on input line 162.
<graph_mst.pdf, id=81, 292.09125pt x 192.72pt>
File: graph_mst.pdf Graphic file (type pdf)
<use graph_mst.pdf>
Package pdftex.def Info: graph_mst.pdf  used on input line 171.
(pdftex.def)             Requested size: 204.46246pt x 134.90306pt.
<snapegraph.jpg, id=82, 201.1515pt x 157.18726pt>
File: snapegraph.jpg Graphic file (type jpg)
<use snapegraph.jpg>
Package pdftex.def Info: snapegraph.jpg  used on input line 178.
(pdftex.def)             Requested size: 140.80508pt x 110.03032pt.

Underfull \hbox (badness 10000) in paragraph at lines 180--192

 []

[11 <./graph_mst.pdf> <./snapegraph.jpg>]
Underfull \hbox (badness 10000) in paragraph at lines 193--220

 []


Underfull \hbox (badness 10000) in paragraph at lines 193--220

 []

[12]
Package atveryend Info: Empty hook `BeforeClearDocument' on input line 237.
 [13]
Package atveryend Info: Empty hook `AfterLastShipout' on input line 237.
 (csci3104_S2019_PS9_template.aux)
Package atveryend Info: Executing hook `AtVeryEndDocument' on input line 237.
Package atveryend Info: Executing hook `AtEndAfterFileList' on input line 237.
Package rerunfilecheck Info: File `csci3104_S2019_PS9_template.out' has not cha
nged.
(rerunfilecheck)             Checksum: D41D8CD98F00B204E9800998ECF8427E;0.
Package atveryend Info: Empty hook `AtVeryVeryEnd' on input line 237.
 ) 
Here is how much of TeX's memory you used:
 8757 strings out of 492946
 122370 string characters out of 3126266
 258865 words of memory out of 3000000
 12496 multiletter control sequences out of 15000+200000
 11202 words of font info for 47 fonts, out of 3000000 for 9000
 1141 hyphenation exceptions out of 8191
 28i,16n,43p,3240b,601s stack positions out of 5000i,500n,10000p,200000b,50000s
<C:/Users/Maura/AppData/Local/Programs/MiKTeX 2.9/fonts/type1/public/amsfonts
/cm/cmbx12.pfb><C:/Users/Maura/AppData/Local/Programs/MiKTeX 2.9/fonts/type1/pu
blic/amsfonts/cm/cmex10.pfb><C:/Users/Maura/AppData/Local/Programs/MiKTeX 2.9/f
onts/type1/public/amsfonts/cm/cmmi12.pfb><C:/Users/Maura/AppData/Local/Programs
/MiKTeX 2.9/fonts/type1/public/amsfonts/cm/cmmi8.pfb><C:/Users/Maura/AppData/Lo
cal/Programs/MiKTeX 2.9/fonts/type1/public/amsfonts/cm/cmr12.pfb><C:/Users/Maur
a/AppData/Local/Programs/MiKTeX 2.9/fonts/type1/public/amsfonts/cm/cmr8.pfb><C:
/Users/Maura/AppData/Local/Programs/MiKTeX 2.9/fonts/type1/public/amsfonts/cm/c
msy10.pfb><C:/Users/Maura/AppData/Local/Programs/MiKTeX 2.9/fonts/type1/public/
amsfonts/cm/cmsy8.pfb><C:/Users/Maura/AppData/Local/Programs/MiKTeX 2.9/fonts/t
ype1/public/amsfonts/cm/cmti12.pfb><C:/Users/Maura/AppData/Local/Programs/MiKTe
X 2.9/fonts/type1/public/amsfonts/cm/cmtt12.pfb><C:/Users/Maura/AppData/Local/P
rograms/MiKTeX 2.9/fonts/type1/public/amsfonts/symbols/msbm10.pfb>
Output written on csci3104_S2019_PS9_template.pdf (13 pages, 226410 bytes).
PDF statistics:
 154 PDF objects out of 1000 (max. 8388607)
 25 named destinations out of 1000 (max. 500000)
 36 words of extra memory for PDF output out of 10000 (max. 10000000)

